<?xml version="1.0" encoding="UTF-8"?>
<testsuite xmlns:xsi="http://www.w3.org/2001/XMLSchema-instance" xsi:noNamespaceSchemaLocation="https://maven.apache.org/surefire/maven-surefire-plugin/xsd/surefire-test-report-3.0.xsd" version="3.0" name="com.gdavidben.algolab.bst.BinarySearchTreeTest" time="0.02" tests="7" errors="0" skipped="0" failures="0">
  <properties>
[...]
</properties>
  <testcase name="shouldNotFindTheValue" classname="com.gdavidben.algolab.bst.BinarySearchTreeTest" time="0.004"/>
  <testcase name="shouldHaveLeftAndRightNode" classname="com.gdavidben.algolab.bst.BinarySearchTreeTest" time="0.002"/>
  <testcase name="shouldRemoveValue12" classname="com.gdavidben.algolab.bst.BinarySearchTreeTest" time="0.001"/>
  <testcase name="shouldRemoveValue14" classname="com.gdavidben.algolab.bst.BinarySearchTreeTest" time="0.001"/>
  <testcase name="shouldRemoveValue2" classname="com.gdavidben.algolab.bst.BinarySearchTreeTest" time="0.002"/>
  <testcase name="shouldRemoveValue4" classname="com.gdavidben.algolab.bst.BinarySearchTreeTest" time="0.001"/>
  <testcase name="shouldAddAndFindTheValue" classname="com.gdavidben.algolab.bst.BinarySearchTreeTest" time="0.001"/>
</testsuite>